<html>
<body>
<pre>
<h1>µVision Build Log</h1>
<h2>Tool Versions:</h2>
IDE-Version: ¦ÌVision V5.38.0.0
Copyright (C) 2022 ARM Ltd and ARM Germany GmbH. All rights reserved.
License Information: chen chenjiale, chen, LIC=MPYH9-45678-B29LG-VWGHH-R57II-8MT5Q
 
Tool Versions:
Toolchain:       PK51 Prof. Developers Kit  Version: 9.60.7.0
Toolchain Path:  D:\keil\C51\BIN
C Compiler:      C51.exe V9.60.7.0
Assembler:       A51.exe V8.2.7.0
Linker/Locator:  BL51.exe V6.22.4.0
Library Manager: LIB51.exe V4.30.1.0
Hex Converter:   OH51.exe V2.7.0.0
CPU DLL:         S8051.DLL V3.125.1.0
Dialog DLL:      DP51.DLL V2.69.0.0 
<h2>Project:</h2>
C:\Users\chenjiale\Desktop\µ¥Æ¬»ú\cjl\Project.uvproj
Project File Date:  11/20/2023

<h2>Output:</h2>
Rebuild target 'Target 1'
compiling LED.c...
compiling main.c...
main.c(11): error C141: syntax error near 'float', expected '__asm'
main.c(11): error C202: 'temp': undefined identifier
main.c(12): error C141: syntax error near 'unsigned', expected '__asm'
main.c(12): error C202: 'temp_disp': undefined identifier
main.c(22): error C202: 'temp': undefined identifier
main.c(23): error C202: 'temp_disp': undefined identifier
main.c(24): error C202: 'temp_disp': undefined identifier
compiling PressKey.c...
compiling Tools.c...
compiling Proteus.c...
compiling OneWire.c...
OneWire.c(6): error C202: 'DQ': undefined identifier
OneWire.c(8): error C202: 'DQ': undefined identifier
OneWire.c(10): error C202: 'DQ': undefined identifier
OneWire.c(17): error C202: 'DQ': undefined identifier
OneWire.c(27): error C202: 'DQ': undefined identifier
OneWire.c(29): error C202: 'DQ': undefined identifier
OneWire.c(32): error C202: 'DQ': undefined identifier
OneWire.c(43): error C202: 'DQ': undefined identifier
OneWire.c(45): error C202: 'DQ': undefined identifier
OneWire.c(48): error C202: 'DQ': undefined identifier
OneWire.c(53): error C202: 'DQ': undefined identifier
OneWire.c(62): error C141: syntax error near 'bit', expected '__asm'
OneWire.c(62): error C202: 'ok': undefined identifier
OneWire.c(71): error C141: syntax error near 'Write_DS18B20_byte', expected ';'
OneWire.c(72): error C141: syntax error near 'Write_DS18B20_byte', expected ';'
OneWire.c(75): error C141: syntax error near 'Write_DS18B20_byte', expected ';'
Target not created.
Build Time Elapsed:  00:00:01
</pre>
</body>
</html>
